<?xml version="1.0" encoding="UTF-8"?>
<testng-results ignored="0" total="1" passed="1" failed="0" skipped="0">
  <reporter-output>
  </reporter-output>
  <suite started-at="2025-04-07T14:01:39 IST" name="Default suite" finished-at="2025-04-07T14:01:53 IST" duration-ms="13457">
    <groups>
    </groups>
    <test started-at="2025-04-07T14:01:39 IST" name="Default test" finished-at="2025-04-07T14:01:53 IST" duration-ms="13457">
      <class name="men.AddTshirtToCart">
        <test-method is-config="true" signature="launchBrowser()[pri:0, instance:men.AddTshirtToCart@51399530]" started-at="2025-04-07T14:01:39 IST" name="launchBrowser" finished-at="2025-04-07T14:01:44 IST" duration-ms="4985" status="PASS">
          <reporter-output>
          </reporter-output>
        </test-method> <!-- launchBrowser -->
        <test-method is-config="true" signature="login()[pri:0, instance:men.AddTshirtToCart@51399530]" started-at="2025-04-07T14:01:44 IST" name="login" finished-at="2025-04-07T14:01:48 IST" duration-ms="3908" status="PASS">
          <reporter-output>
          </reporter-output>
        </test-method> <!-- login -->
        <test-method signature="addTshirtToCart()[pri:0, instance:men.AddTshirtToCart@51399530]" started-at="2025-04-07T14:01:48 IST" name="addTshirtToCart" finished-at="2025-04-07T14:01:52 IST" duration-ms="3729" status="PASS">
          <reporter-output>
          </reporter-output>
        </test-method> <!-- addTshirtToCart -->
        <test-method is-config="true" signature="logout()[pri:0, instance:men.AddTshirtToCart@51399530]" started-at="2025-04-07T14:01:52 IST" name="logout" finished-at="2025-04-07T14:01:52 IST" duration-ms="619" status="PASS">
          <reporter-output>
          </reporter-output>
        </test-method> <!-- logout -->
        <test-method is-config="true" signature="closeBrowser()[pri:0, instance:men.AddTshirtToCart@51399530]" started-at="2025-04-07T14:01:53 IST" name="closeBrowser" finished-at="2025-04-07T14:01:53 IST" duration-ms="186" status="PASS">
          <reporter-output>
          </reporter-output>
        </test-method> <!-- closeBrowser -->
      </class> <!-- men.AddTshirtToCart -->
    </test> <!-- Default test -->
  </suite> <!-- Default suite -->
</testng-results>
